<?xml version="1.0" encoding="UTF-8"?>
<!-- Generated by org.testng.reporters.JUnitReportReporter -->
<testsuite hostname="DESKTOP-6U192DI" failures="0" tests="2" name="TestPackage.MyTest" time="18.283" errors="0" timestamp="2021-06-06T22:50:36 IST" skipped="0">
  <testcase classname="TestPackage.MyTest" name="Test1" time="18.276"/>
  <system-out/>
  <testcase classname="TestPackage.MyTest" name="secondTest" time="0.007"/>
  <system-out/>
</testsuite> <!-- TestPackage.MyTest -->
