<?xml version="1.0" encoding="UTF-8"?>
<!-- Generated by org.testng.reporters.JUnitReportReporter -->
<testsuite hostname="DESKTOP-6U192DI" failures="0" tests="1" name="TestPackage.Mytest2" time="11.299" errors="0" timestamp="2021-06-06T22:50:36 IST" skipped="0">
  <testcase classname="TestPackage.Mytest2" name="Test2" time="11.299"/>
  <system-out/>
</testsuite> <!-- TestPackage.Mytest2 -->
